<?xml version="1.0" encoding="UTF-8"?>
<!-- Generated by org.testng.reporters.JUnitReportReporter -->
<testsuite skipped="0" hostname="Gowtham-Burle" name="com.dotdash.excercise.AddCategory" tests="2" failures="0" timestamp="11 Aug 2018 21:46:26 GMT" time="1.366" errors="0">
  <testcase name="addCategory" time="0.619" classname="com.dotdash.excercise.AddCategory"/>
  <testcase name="verifyCategory" time="0.747" classname="com.dotdash.excercise.AddCategory"/>
</testsuite> <!-- com.dotdash.excercise.AddCategory -->
