<?xml version="1.0" encoding="UTF-8"?>
<!-- Generated by org.testng.reporters.JUnitReportReporter -->
<testsuite skipped="0" hostname="Gowtham-Burle" name="com.dotdash.excercise.LaunchToDoApp" tests="1" failures="0" timestamp="07 Aug 2018 19:58:27 GMT" time="12.481" errors="0">
  <testcase name="LaunchApp" time="12.481" classname="com.dotdash.excercise.LaunchToDoApp"/>
</testsuite> <!-- com.dotdash.excercise.LaunchToDoApp -->
